2023-11-12 13:05:20 INFO  Player:106 - Buy Sucessful: player_item, 1.0
2023-11-12 13:05:20 INFO  Player:83 - Sell Sucessful: player_item, 1.0
2023-11-12 13:05:22 INFO  Player:106 - Buy Sucessful: player_item, 1.0
2023-11-12 13:05:22 INFO  Player:83 - Sell Sucessful: player_item, 1.0
2023-11-12 13:05:23 INFO  Game:22 - Game Started
2023-11-12 13:05:36 INFO  Player:106 - Buy Sucessful: Chestplate, 50.0
2023-11-12 13:05:45 INFO  Player:106 - Buy Sucessful: Staff, 25.0
2023-11-12 13:05:50 INFO  Player:106 - Buy Sucessful: Axe, 25.0
2023-11-12 13:05:54 WARN  Player:109 - Buy Cancelled: Hat, 10.0
2023-11-12 13:06:18 INFO  Player:83 - Sell Sucessful: Staff, 25.0
2023-11-12 13:06:26 INFO  Player:83 - Sell Sucessful: Axe, 25.0
2023-11-12 13:06:29 INFO  Main:11 - Game Ended
2023-11-12 13:07:41 INFO  Player:106 - Buy Sucessful: player_item, 1.0
2023-11-12 13:07:41 INFO  Player:83 - Sell Sucessful: player_item, 1.0
2023-11-12 13:07:42 INFO  Player:106 - Buy Sucessful: player_item, 1.0
2023-11-12 13:07:42 INFO  Player:83 - Sell Sucessful: player_item, 1.0
2023-11-12 13:07:43 INFO  Game:22 - Game Started
2023-11-12 13:07:53 INFO  Player:106 - Buy Sucessful: Shirt, 10.0
2023-11-12 13:07:55 INFO  Main:11 - Game Ended
2023-11-12 13:09:46 INFO  Player:106 - Buy Sucessful: player_item, 1.0
2023-11-12 13:09:46 INFO  Player:83 - Sell Sucessful: player_item, 1.0
2023-11-12 13:09:48 INFO  Player:106 - Buy Sucessful: player_item, 1.0
2023-11-12 13:09:48 INFO  Player:83 - Sell Sucessful: player_item, 1.0
2023-11-12 13:09:49 INFO  Game:22 - Game Started
2023-11-12 13:10:00 INFO  Player:106 - Buy Sucessful: Pickaxe, 20.0
2023-11-12 13:10:05 INFO  Player:83 - Sell Sucessful: Pickaxe, 20.0
2023-11-12 13:10:09 INFO  Main:11 - Game Ended
2023-11-13 08:13:27 INFO  Player:57 - Acquired: player_item, 1.0
2023-11-13 08:13:27 INFO  Player:70 - Relinquished: player_item, 1.0
2023-11-13 08:13:27 INFO  Player:57 - Acquired: test0, 1.0
2023-11-13 08:13:27 INFO  Player:57 - Acquired: test1, 1.0
2023-11-13 08:13:27 INFO  Player:57 - Acquired: test2, 1.0
2023-11-13 08:13:27 INFO  Player:57 - Acquired: test3, 1.0
2023-11-13 08:13:27 INFO  Player:57 - Acquired: player_item, 1.0
2023-11-13 08:13:27 INFO  Player:57 - Acquired: player_item, 1.0
2023-11-13 08:13:27 INFO  Player:70 - Relinquished: player_item, 1.0
2023-11-13 08:13:27 INFO  Player:57 - Acquired: player_item, 1.0
2023-11-13 08:13:27 INFO  Player:70 - Relinquished: player_item, 1.0
2023-11-13 08:13:27 INFO  Player:57 - Acquired: player_item, 1.0
2023-11-13 08:13:29 INFO  Player:57 - Acquired: player_item, 1.0
2023-11-13 08:13:29 INFO  Player:70 - Relinquished: player_item, 1.0
2023-11-13 08:13:29 INFO  Player:57 - Acquired: player_item, 1.0
2023-11-13 08:13:29 INFO  Player:57 - Acquired: player_item, 1.0
2023-11-13 08:13:29 INFO  Player:70 - Relinquished: player_item, 1.0
2023-11-13 08:13:29 INFO  Player:57 - Acquired: test0, 1.0
2023-11-13 08:13:29 INFO  Player:57 - Acquired: test1, 1.0
2023-11-13 08:13:29 INFO  Player:57 - Acquired: test2, 1.0
2023-11-13 08:13:29 INFO  Player:57 - Acquired: test3, 1.0
2023-11-13 08:13:29 INFO  Player:57 - Acquired: player_item, 1.0
2023-11-13 08:13:29 INFO  Player:70 - Relinquished: player_item, 1.0
2023-11-13 08:13:29 INFO  Player:57 - Acquired: player_item, 1.0
2023-11-13 08:13:30 INFO  Game:22 - Game Started
2023-11-13 08:13:36 INFO  Player:57 - Acquired: Hat, 10.0
2023-11-13 08:13:45 INFO  Player:57 - Acquired: Shirt, 10.0
2023-11-13 08:13:49 INFO  Player:57 - Acquired: Staff, 25.0
2023-11-13 08:13:57 INFO  Player:57 - Acquired: Broad Sword, 25.0
2023-11-13 08:14:03 INFO  Player:70 - Relinquished: Staff, 25.0
2023-11-13 08:14:11 INFO  Main:11 - Game Ended
2023-11-14 09:44:23 INFO  Player:57 - Acquired: player_item, 1.0
2023-11-14 09:44:23 INFO  Player:70 - Relinquished: player_item, 1.0
2023-11-14 09:44:23 INFO  Player:57 - Acquired: test0, 1.0
2023-11-14 09:44:23 INFO  Player:57 - Acquired: test1, 1.0
2023-11-14 09:44:23 INFO  Player:57 - Acquired: test2, 1.0
2023-11-14 09:44:23 INFO  Player:57 - Acquired: test3, 1.0
2023-11-14 09:44:23 INFO  Store:108 - Store sold: player_item, 1.0
2023-11-14 09:44:23 INFO  Player:57 - Acquired: player_item, 1.0
2023-11-14 09:44:23 INFO  Player:57 - Acquired: player_item, 1.0
2023-11-14 09:44:23 INFO  Player:70 - Relinquished: player_item, 1.0
2023-11-14 09:44:23 INFO  Store:120 - Store bought: player_item, 1.0
2023-11-14 09:44:23 INFO  Player:57 - Acquired: player_item, 1.0
2023-11-14 09:44:23 INFO  Player:70 - Relinquished: player_item, 1.0
2023-11-14 09:44:23 INFO  Player:57 - Acquired: player_item, 1.0
2023-11-14 09:44:24 INFO  Player:57 - Acquired: player_item, 1.0
2023-11-14 09:44:24 INFO  Player:70 - Relinquished: player_item, 1.0
2023-11-14 09:44:24 INFO  Store:108 - Store sold: player_item, 1.0
2023-11-14 09:44:24 INFO  Player:57 - Acquired: player_item, 1.0
2023-11-14 09:44:24 INFO  Player:57 - Acquired: player_item, 1.0
2023-11-14 09:44:24 INFO  Player:70 - Relinquished: player_item, 1.0
2023-11-14 09:44:24 INFO  Store:120 - Store bought: player_item, 1.0
2023-11-14 09:44:24 INFO  Player:57 - Acquired: test0, 1.0
2023-11-14 09:44:24 INFO  Player:57 - Acquired: test1, 1.0
2023-11-14 09:44:24 INFO  Player:57 - Acquired: test2, 1.0
2023-11-14 09:44:24 INFO  Player:57 - Acquired: test3, 1.0
2023-11-14 09:44:24 INFO  Player:57 - Acquired: player_item, 1.0
2023-11-14 09:44:24 INFO  Player:70 - Relinquished: player_item, 1.0
2023-11-14 09:44:24 INFO  Player:57 - Acquired: player_item, 1.0
2023-11-14 09:44:25 INFO  Game:22 - Game Started
2023-11-14 09:44:35 INFO  Store:108 - Store sold: Hat, 10.0
2023-11-14 09:44:35 INFO  Player:57 - Acquired: Hat, 10.0
2023-11-14 09:44:50 INFO  Player:70 - Relinquished: Hat, 10.0
2023-11-14 09:44:50 INFO  Store:120 - Store bought: Hat, 10.0
2023-11-14 09:45:02 INFO  Main:11 - Game Ended
2023-11-14 09:49:05 INFO  Player:57 - Acquired: player_item, 1.0
2023-11-14 09:49:05 INFO  Player:70 - Relinquished: player_item, 1.0
2023-11-14 09:49:05 INFO  Player:57 - Acquired: test0, 1.0
2023-11-14 09:49:05 INFO  Player:57 - Acquired: test1, 1.0
2023-11-14 09:49:05 INFO  Player:57 - Acquired: test2, 1.0
2023-11-14 09:49:05 INFO  Player:57 - Acquired: test3, 1.0
2023-11-14 09:49:05 INFO  Store:108 - Store sold: player_item, 1.0
2023-11-14 09:49:05 INFO  Player:57 - Acquired: player_item, 1.0
2023-11-14 09:49:05 INFO  Player:57 - Acquired: player_item, 1.0
2023-11-14 09:49:05 INFO  Player:70 - Relinquished: player_item, 1.0
2023-11-14 09:49:05 INFO  Store:120 - Store bought: player_item, 1.0
2023-11-14 09:49:05 INFO  Player:57 - Acquired: player_item, 1.0
2023-11-14 09:49:05 INFO  Player:70 - Relinquished: player_item, 1.0
2023-11-14 09:49:05 INFO  Player:57 - Acquired: player_item, 1.0
2023-11-14 09:49:07 INFO  Player:57 - Acquired: player_item, 1.0
2023-11-14 09:49:07 INFO  Player:70 - Relinquished: player_item, 1.0
2023-11-14 09:49:07 INFO  Store:108 - Store sold: player_item, 1.0
2023-11-14 09:49:07 INFO  Player:57 - Acquired: player_item, 1.0
2023-11-14 09:49:07 INFO  Player:57 - Acquired: player_item, 1.0
2023-11-14 09:49:07 INFO  Player:70 - Relinquished: player_item, 1.0
2023-11-14 09:49:07 INFO  Store:120 - Store bought: player_item, 1.0
2023-11-14 09:49:07 INFO  Player:57 - Acquired: test0, 1.0
2023-11-14 09:49:07 INFO  Player:57 - Acquired: test1, 1.0
2023-11-14 09:49:07 INFO  Player:57 - Acquired: test2, 1.0
2023-11-14 09:49:07 INFO  Player:57 - Acquired: test3, 1.0
2023-11-14 09:49:07 INFO  Player:57 - Acquired: player_item, 1.0
2023-11-14 09:49:07 INFO  Player:70 - Relinquished: player_item, 1.0
2023-11-14 09:49:07 INFO  Player:57 - Acquired: player_item, 1.0
2023-11-14 09:49:08 INFO  Game:22 - Game Started
2023-11-14 09:49:15 INFO  Store:108 - Store sold: Hat, 10.0
2023-11-14 09:49:15 INFO  Player:57 - Acquired: Hat, 10.0
2023-11-14 09:49:20 INFO  Store:108 - Store sold: Chestplate, 50.0
2023-11-14 09:49:20 INFO  Player:57 - Acquired: Chestplate, 50.0
2023-11-14 09:49:26 INFO  Player:70 - Relinquished: Hat, 10.0
2023-11-14 09:49:26 INFO  Store:120 - Store bought: Hat, 10.0
2023-11-14 09:49:28 INFO  Main:11 - Game Ended
2023-11-14 12:04:03 INFO  Player:57 - Acquired: player_item, 1.0
2023-11-14 12:04:03 INFO  Player:70 - Relinquished: player_item, 1.0
2023-11-14 12:04:03 INFO  Player:57 - Acquired: test0, 1.0
2023-11-14 12:04:03 INFO  Player:57 - Acquired: test1, 1.0
2023-11-14 12:04:03 INFO  Player:57 - Acquired: test2, 1.0
2023-11-14 12:04:03 INFO  Player:57 - Acquired: test3, 1.0
2023-11-14 12:04:03 INFO  Store:108 - Store sold: player_item, 1.0
2023-11-14 12:04:03 INFO  Player:57 - Acquired: player_item, 1.0
2023-11-14 12:04:03 INFO  Player:57 - Acquired: player_item, 1.0
2023-11-14 12:04:03 INFO  Player:70 - Relinquished: player_item, 1.0
2023-11-14 12:04:03 INFO  Store:120 - Store bought: player_item, 1.0
2023-11-14 12:04:03 INFO  Player:57 - Acquired: player_item, 1.0
2023-11-14 12:04:03 INFO  Player:70 - Relinquished: player_item, 1.0
2023-11-14 12:04:03 INFO  Player:57 - Acquired: player_item, 1.0
2023-11-14 12:04:05 INFO  Player:57 - Acquired: player_item, 1.0
2023-11-14 12:04:05 INFO  Player:70 - Relinquished: player_item, 1.0
2023-11-14 12:04:05 INFO  Store:108 - Store sold: player_item, 1.0
2023-11-14 12:04:05 INFO  Player:57 - Acquired: player_item, 1.0
2023-11-14 12:04:05 INFO  Player:57 - Acquired: player_item, 1.0
2023-11-14 12:04:05 INFO  Player:70 - Relinquished: player_item, 1.0
2023-11-14 12:04:05 INFO  Store:120 - Store bought: player_item, 1.0
2023-11-14 12:04:05 INFO  Player:57 - Acquired: test0, 1.0
2023-11-14 12:04:05 INFO  Player:57 - Acquired: test1, 1.0
2023-11-14 12:04:05 INFO  Player:57 - Acquired: test2, 1.0
2023-11-14 12:04:05 INFO  Player:57 - Acquired: test3, 1.0
2023-11-14 12:04:05 INFO  Player:57 - Acquired: player_item, 1.0
2023-11-14 12:04:05 INFO  Player:70 - Relinquished: player_item, 1.0
2023-11-14 12:04:05 INFO  Player:57 - Acquired: player_item, 1.0
2023-11-14 12:04:06 INFO  Game:22 - Game Started
2023-11-14 12:04:13 INFO  Store:108 - Store sold: Shirt, 10.0
2023-11-14 12:04:13 INFO  Player:57 - Acquired: Shirt, 10.0
2023-11-14 12:04:16 INFO  Main:11 - Game Ended
2023-11-14 12:08:31 INFO  Player:57 - Acquired: player_item, 1.0
2023-11-14 12:08:31 INFO  Player:70 - Relinquished: player_item, 1.0
2023-11-14 12:08:31 INFO  Player:57 - Acquired: test0, 1.0
2023-11-14 12:08:31 INFO  Player:57 - Acquired: test1, 1.0
2023-11-14 12:08:31 INFO  Player:57 - Acquired: test2, 1.0
2023-11-14 12:08:31 INFO  Player:57 - Acquired: test3, 1.0
2023-11-14 12:08:31 INFO  Store:108 - Store sold: player_item, 1.0
2023-11-14 12:08:31 INFO  Player:57 - Acquired: player_item, 1.0
2023-11-14 12:08:31 INFO  Player:57 - Acquired: player_item, 1.0
2023-11-14 12:08:31 INFO  Player:70 - Relinquished: player_item, 1.0
2023-11-14 12:08:31 INFO  Store:120 - Store bought: player_item, 1.0
2023-11-14 12:08:31 INFO  Player:57 - Acquired: player_item, 1.0
2023-11-14 12:08:31 INFO  Player:70 - Relinquished: player_item, 1.0
2023-11-14 12:08:31 INFO  Player:57 - Acquired: player_item, 1.0
2023-11-14 12:08:33 INFO  Player:57 - Acquired: player_item, 1.0
2023-11-14 12:08:33 INFO  Player:70 - Relinquished: player_item, 1.0
2023-11-14 12:08:33 INFO  Store:108 - Store sold: player_item, 1.0
2023-11-14 12:08:33 INFO  Player:57 - Acquired: player_item, 1.0
2023-11-14 12:08:33 INFO  Player:57 - Acquired: player_item, 1.0
2023-11-14 12:08:33 INFO  Player:70 - Relinquished: player_item, 1.0
2023-11-14 12:08:33 INFO  Store:120 - Store bought: player_item, 1.0
2023-11-14 12:08:33 INFO  Player:57 - Acquired: test0, 1.0
2023-11-14 12:08:33 INFO  Player:57 - Acquired: test1, 1.0
2023-11-14 12:08:33 INFO  Player:57 - Acquired: test2, 1.0
2023-11-14 12:08:33 INFO  Player:57 - Acquired: test3, 1.0
2023-11-14 12:08:33 INFO  Player:57 - Acquired: player_item, 1.0
2023-11-14 12:08:33 INFO  Player:70 - Relinquished: player_item, 1.0
2023-11-14 12:08:33 INFO  Player:57 - Acquired: player_item, 1.0
2023-11-14 12:08:34 INFO  Game:22 - Game Started
2023-11-14 12:08:39 INFO  Store:108 - Store sold: Hat, 10.0
2023-11-14 12:08:39 INFO  Player:57 - Acquired: Hat, 10.0
2023-11-14 12:08:42 INFO  Main:11 - Game Ended
